<?xml version="1.0" encoding="UTF-8"?>
<robot generator="Robot 5.0.1 (Python 3.10.4 on win32)" generated="20230201 13:27:36.357" rpa="false" schemaversion="3">
<suite id="s1" name="Suites" source="c:\Users\leticia_lima\Desktop\Ascan - Robot\suites">
<suite id="s1-s1" name="AsCan" source="c:\Users\leticia_lima\Desktop\Ascan - Robot\suites\AsCan">
<suite id="s1-s1-s1" name="Ascan Challenge" source="c:\Users\leticia_lima\Desktop\Ascan - Robot\suites\AsCan\ascan_challenge.robot">
<kw name="Acessar página de login do gerente" library="setup_teardown" type="SETUP">
<kw name="Abrir o navegador" library="setup_teardown">
<kw name="Open Browser" library="SeleniumLibrary">
<arg>browser=${gen.Browser}</arg>
<arg>options=add_experimental_option('excludeSwitches', ['enable-logging'])</arg>
<doc>Opens a new browser instance to the optional ``url``.</doc>
<msg timestamp="20230201 13:27:36.880" level="INFO">Opening browser 'chrome' to base url 'None'.</msg>
<status status="PASS" starttime="20230201 13:27:36.879" endtime="20230201 13:27:38.055"/>
</kw>
<kw name="Maximize Browser Window" library="SeleniumLibrary">
<doc>Maximizes current browser window.</doc>
<status status="PASS" starttime="20230201 13:27:38.056" endtime="20230201 13:27:38.177"/>
</kw>
<status status="PASS" starttime="20230201 13:27:36.879" endtime="20230201 13:27:38.178"/>
</kw>
<kw name="E acessar o site do banco" library="setup_teardown">
<kw name="Go To" library="SeleniumLibrary">
<arg>${gen.URL}</arg>
<doc>Navigates the current browser window to the provided ``url``.</doc>
<msg timestamp="20230201 13:27:38.180" level="INFO">Opening url 'https://www.way2automation.com/angularjs-protractor/banking/#/login'</msg>
<status status="PASS" starttime="20230201 13:27:38.179" endtime="20230201 13:27:40.528"/>
</kw>
<kw name="Wait Until Element Is Visible" library="SeleniumLibrary">
<arg>${home.bt_Home}</arg>
<arg>${gen.Timeout}</arg>
<doc>Waits until the element ``locator`` is visible.</doc>
<status status="PASS" starttime="20230201 13:27:40.528" endtime="20230201 13:27:41.374"/>
</kw>
<status status="PASS" starttime="20230201 13:27:38.178" endtime="20230201 13:27:41.374"/>
</kw>
<kw name="Clicar em Bank Manager Login" library="home_page">
<kw name="Click Element" library="SeleniumLibrary">
<arg>locator=${home.bt_BankManagerLogin}</arg>
<doc>Click the element identified by ``locator``.</doc>
<msg timestamp="20230201 13:27:41.375" level="INFO">Clicking element '//button[contains(.,'Bank Manager Login')]'.</msg>
<status status="PASS" starttime="20230201 13:27:41.375" endtime="20230201 13:27:41.415"/>
</kw>
<status status="PASS" starttime="20230201 13:27:41.374" endtime="20230201 13:27:41.415"/>
</kw>
<status status="PASS" starttime="20230201 13:27:36.878" endtime="20230201 13:27:41.415"/>
</kw>
<test id="s1-s1-s1-t1" name="E2E - Cadastro e login" line="8">
<kw name="Dado que realizei o login como gerente do banco" library="manager_login_page">
<kw name="Wait Until Element Is Visible" library="SeleniumLibrary">
<arg>${manager.bt_AddCustomer}</arg>
<arg>${gen.Timeout}</arg>
<doc>Waits until the element ``locator`` is visible.</doc>
<status status="PASS" starttime="20230201 13:27:41.417" endtime="20230201 13:27:41.852"/>
</kw>
<status status="PASS" starttime="20230201 13:27:41.417" endtime="20230201 13:27:41.852"/>
</kw>
<kw name="Quando cadastro um cliente">
<kw name="Dado que realizei o login como gerente do banco" library="manager_login_page">
<kw name="Wait Until Element Is Visible" library="SeleniumLibrary">
<arg>${manager.bt_AddCustomer}</arg>
<arg>${gen.Timeout}</arg>
<doc>Waits until the element ``locator`` is visible.</doc>
<status status="PASS" starttime="20230201 13:27:41.854" endtime="20230201 13:27:41.868"/>
</kw>
<status status="PASS" starttime="20230201 13:27:41.853" endtime="20230201 13:27:41.868"/>
</kw>
<kw name="Quando clico para adicionar um cliente" library="manager_login_page">
<kw name="Click Element" library="SeleniumLibrary">
<arg>${manager.bt_AddCustomer}</arg>
<doc>Click the element identified by ``locator``.</doc>
<msg timestamp="20230201 13:27:41.869" level="INFO">Clicking element '//button[@ng-class='btnClass1'][contains(.,'Add Customer')]'.</msg>
<status status="PASS" starttime="20230201 13:27:41.869" endtime="20230201 13:27:41.903"/>
</kw>
<status status="PASS" starttime="20230201 13:27:41.868" endtime="20230201 13:27:41.903"/>
</kw>
<kw name="E preencho os campos com dados válidos" library="manager_login_page">
<kw name="Wait Until Element Is Visible" library="SeleniumLibrary">
<arg>${manager.inp_FirstName}</arg>
<arg>${gen.Timeout}</arg>
<doc>Waits until the element ``locator`` is visible.</doc>
<status status="PASS" starttime="20230201 13:27:41.904" endtime="20230201 13:27:42.378"/>
</kw>
<kw name="Input Text" library="SeleniumLibrary">
<arg>${manager.inp_FirstName}</arg>
<arg>${data_newCustomer.FirstName}</arg>
<doc>Types the given ``text`` into the text field identified by ``locator``.</doc>
<msg timestamp="20230201 13:27:42.379" level="INFO">Typing text 'Carolina' into text field '//input[contains(@ng-model,'fName')]'.</msg>
<status status="PASS" starttime="20230201 13:27:42.378" endtime="20230201 13:27:42.459"/>
</kw>
<kw name="Input Text" library="SeleniumLibrary">
<arg>${manager.inp_LastName}</arg>
<arg>${data_newCustomer.LastName}</arg>
<doc>Types the given ``text`` into the text field identified by ``locator``.</doc>
<msg timestamp="20230201 13:27:42.459" level="INFO">Typing text 'Porto' into text field '//input[contains(@ng-model,'lName')]'.</msg>
<status status="PASS" starttime="20230201 13:27:42.459" endtime="20230201 13:27:42.554"/>
</kw>
<kw name="Input Text" library="SeleniumLibrary">
<arg>${manager.inp_PostCode}</arg>
<arg>${data_newCustomer.PostCode}</arg>
<doc>Types the given ``text`` into the text field identified by ``locator``.</doc>
<msg timestamp="20230201 13:27:42.557" level="INFO">Typing text '41613052' into text field '//input[contains(@ng-model,'postCd')]'.</msg>
<status status="PASS" starttime="20230201 13:27:42.555" endtime="20230201 13:27:42.747"/>
</kw>
<status status="PASS" starttime="20230201 13:27:41.903" endtime="20230201 13:27:42.747"/>
</kw>
<kw name="E clico para confirmar o cadastro do cliente" library="manager_login_page">
<kw name="Click Element" library="SeleniumLibrary">
<arg>${manager.sub_AddCustomer}</arg>
<doc>Click the element identified by ``locator``.</doc>
<msg timestamp="20230201 13:27:42.750" level="INFO">Clicking element '//button[@type='submit'][contains(.,'Add Customer')]'.</msg>
<status status="PASS" starttime="20230201 13:27:42.749" endtime="20230201 13:27:42.827"/>
</kw>
<status status="PASS" starttime="20230201 13:27:42.748" endtime="20230201 13:27:42.827"/>
</kw>
<kw name="Então o alerta de cadastro sucedido é exibido" library="manager_login_page">
<kw name="Handle Alert" library="SeleniumLibrary">
<var>${alertMessage}</var>
<doc>Handles the current alert and returns its message.</doc>
<msg timestamp="20230201 13:27:42.828" level="INFO">HANDLE::&lt;class 'NoneType'&gt;::None</msg>
<msg timestamp="20230201 13:27:42.835" level="INFO">${alertMessage} = Customer added successfully with customer id :6</msg>
<status status="PASS" starttime="20230201 13:27:42.828" endtime="20230201 13:27:42.835"/>
</kw>
<kw name="Should Contain" library="BuiltIn">
<arg>${alertMessage}</arg>
<arg>${manager.msg_CustomerAdded}</arg>
<doc>Fails if ``container`` does not contain ``item`` one or more times.</doc>
<status status="PASS" starttime="20230201 13:27:42.836" endtime="20230201 13:27:42.837"/>
</kw>
<status status="PASS" starttime="20230201 13:27:42.827" endtime="20230201 13:27:42.837"/>
</kw>
<status status="PASS" starttime="20230201 13:27:41.853" endtime="20230201 13:27:42.837"/>
</kw>
<kw name="E abro sua conta">
<kw name="Dado que realizei o login como gerente do banco" library="manager_login_page">
<kw name="Wait Until Element Is Visible" library="SeleniumLibrary">
<arg>${manager.bt_AddCustomer}</arg>
<arg>${gen.Timeout}</arg>
<doc>Waits until the element ``locator`` is visible.</doc>
<status status="PASS" starttime="20230201 13:27:42.840" endtime="20230201 13:27:42.888"/>
</kw>
<status status="PASS" starttime="20230201 13:27:42.840" endtime="20230201 13:27:42.888"/>
</kw>
<kw name="Quando clico para abrir uma conta" library="manager_login_page">
<kw name="Click Element" library="SeleniumLibrary">
<arg>${manager.bt_OpenAccount}</arg>
<doc>Click the element identified by ``locator``.</doc>
<msg timestamp="20230201 13:27:42.890" level="INFO">Clicking element '//button[@ng-class='btnClass2'][contains(.,'Open Account')]'.</msg>
<status status="PASS" starttime="20230201 13:27:42.889" endtime="20230201 13:27:42.948"/>
</kw>
<status status="PASS" starttime="20230201 13:27:42.889" endtime="20230201 13:27:42.949"/>
</kw>
<kw name="E seleciono o cliente criado" library="manager_login_page">
<kw name="Seleciono um cliente" library="manager_login_page">
<arg>&amp;{data_newCustomer}</arg>
<kw name="Wait Until Element Is Visible" library="SeleniumLibrary">
<arg>${manager.sel_Customer}</arg>
<arg>${gen.Timeout}</arg>
<doc>Waits until the element ``locator`` is visible.</doc>
<status status="PASS" starttime="20230201 13:27:42.952" endtime="20230201 13:27:43.393"/>
</kw>
<kw name="Select From List By Label" library="SeleniumLibrary">
<arg>${manager.sel_Customer}</arg>
<arg>${CUSTOMER.FirstName} ${CUSTOMER.LastName}</arg>
<doc>Selects options from selection list ``locator`` by ``labels``.</doc>
<msg timestamp="20230201 13:27:43.397" level="INFO">Selecting options from selection list 'userSelect' by label Carolina Porto.</msg>
<status status="PASS" starttime="20230201 13:27:43.394" endtime="20230201 13:27:43.505"/>
</kw>
<status status="PASS" starttime="20230201 13:27:42.950" endtime="20230201 13:27:43.506"/>
</kw>
<status status="PASS" starttime="20230201 13:27:42.950" endtime="20230201 13:27:43.506"/>
</kw>
<kw name="E seleciono uma moeda" library="manager_login_page">
<kw name="Wait Until Element Is Visible" library="SeleniumLibrary">
<arg>${manager.sel_Currency}</arg>
<arg>${gen.Timeout}</arg>
<doc>Waits until the element ``locator`` is visible.</doc>
<status status="PASS" starttime="20230201 13:27:43.508" endtime="20230201 13:27:43.544"/>
</kw>
<kw name="Select From List By Index" library="SeleniumLibrary">
<arg>${manager.sel_Currency}</arg>
<arg>2</arg>
<doc>Selects options from selection list ``locator`` by ``indexes``.</doc>
<msg timestamp="20230201 13:27:43.546" level="INFO">Selecting options from selection list 'currency' by index 2.</msg>
<status status="PASS" starttime="20230201 13:27:43.544" endtime="20230201 13:27:43.677"/>
</kw>
<status status="PASS" starttime="20230201 13:27:43.506" endtime="20230201 13:27:43.677"/>
</kw>
<kw name="E confirmo a abertura da conta" library="manager_login_page">
<kw name="Click Element" library="SeleniumLibrary">
<arg>${manager.sub_Process}</arg>
<doc>Click the element identified by ``locator``.</doc>
<msg timestamp="20230201 13:27:43.681" level="INFO">Clicking element '//button[@type='submit'][contains(.,'Process')]'.</msg>
<status status="PASS" starttime="20230201 13:27:43.679" endtime="20230201 13:27:43.737"/>
</kw>
<status status="PASS" starttime="20230201 13:27:43.678" endtime="20230201 13:27:43.738"/>
</kw>
<kw name="Então o alerta de abertura sucedida é exibido" library="manager_login_page">
<kw name="Sleep" library="BuiltIn">
<arg>2s</arg>
<doc>Pauses the test executed for the given time.</doc>
<msg timestamp="20230201 13:27:45.740" level="INFO">Slept 2 seconds</msg>
<status status="PASS" starttime="20230201 13:27:43.738" endtime="20230201 13:27:45.740"/>
</kw>
<kw name="Handle Alert" library="SeleniumLibrary">
<var>${alertMessage}</var>
<doc>Handles the current alert and returns its message.</doc>
<msg timestamp="20230201 13:27:45.742" level="INFO">HANDLE::&lt;class 'NoneType'&gt;::None</msg>
<msg timestamp="20230201 13:27:45.748" level="INFO">${alertMessage} = Account created successfully with account Number :1016</msg>
<status status="PASS" starttime="20230201 13:27:45.740" endtime="20230201 13:27:45.748"/>
</kw>
<kw name="Fetch From Right" library="String">
<var>${accNumber}</var>
<arg>${alertMessage}</arg>
<arg>:</arg>
<doc>Returns contents of the ``string`` after the last occurrence of ``marker``.</doc>
<msg timestamp="20230201 13:27:45.749" level="INFO">${accNumber} = 1016</msg>
<status status="PASS" starttime="20230201 13:27:45.749" endtime="20230201 13:27:45.750"/>
</kw>
<kw name="Should Contain" library="BuiltIn">
<arg>${alertMessage}</arg>
<arg>${manager.msg_AccCreated}</arg>
<doc>Fails if ``container`` does not contain ``item`` one or more times.</doc>
<status status="PASS" starttime="20230201 13:27:45.750" endtime="20230201 13:27:45.751"/>
</kw>
<status status="PASS" starttime="20230201 13:27:43.738" endtime="20230201 13:27:45.752"/>
</kw>
<status status="PASS" starttime="20230201 13:27:42.839" endtime="20230201 13:27:45.752"/>
</kw>
<kw name="E realizo o login">
<kw name="Clicar em Home" library="home_page">
<kw name="Click Element" library="SeleniumLibrary">
<arg>locator=${home.bt_Home}</arg>
<doc>Click the element identified by ``locator``.</doc>
<msg timestamp="20230201 13:27:45.758" level="INFO">Clicking element '//button[@class='btn home'][contains(.,'Home')]'.</msg>
<status status="PASS" starttime="20230201 13:27:45.755" endtime="20230201 13:27:45.816"/>
</kw>
<status status="PASS" starttime="20230201 13:27:45.754" endtime="20230201 13:27:45.816"/>
</kw>
<kw name="Clicar em Customer Login" library="home_page">
<kw name="Click Element" library="SeleniumLibrary">
<arg>locator=${home.bt_CustomerLogin}</arg>
<doc>Click the element identified by ``locator``.</doc>
<msg timestamp="20230201 13:27:45.819" level="INFO">Clicking element '//button[contains(.,'Customer Login')]'.</msg>
<status status="PASS" starttime="20230201 13:27:45.818" endtime="20230201 13:27:45.910"/>
</kw>
<status status="PASS" starttime="20230201 13:27:45.816" endtime="20230201 13:27:45.911"/>
</kw>
<kw name="Dado que estou na página de login" library="customer_login_page">
<kw name="Então a página de login é exibida" library="customer_login_page">
<kw name="Wait Until Page Contains Element" library="SeleniumLibrary">
<arg>${login.sel_Name}</arg>
<arg>${gen.Timeout}</arg>
<doc>Waits until the element ``locator`` appears on the current page.</doc>
<status status="PASS" starttime="20230201 13:27:45.912" endtime="20230201 13:27:46.347"/>
</kw>
<status status="PASS" starttime="20230201 13:27:45.912" endtime="20230201 13:27:46.348"/>
</kw>
<status status="PASS" starttime="20230201 13:27:45.911" endtime="20230201 13:27:46.348"/>
</kw>
<kw name="Quando seleciono o nome do novo cliente" library="customer_login_page">
<kw name="Select From List By Label" library="SeleniumLibrary">
<arg>${login.sel_Name}</arg>
<arg>${data_newCustomer.FirstName} ${data_newCustomer.LastName}</arg>
<doc>Selects options from selection list ``locator`` by ``labels``.</doc>
<msg timestamp="20230201 13:27:46.351" level="INFO">Selecting options from selection list 'id:userSelect' by label Carolina Porto.</msg>
<status status="PASS" starttime="20230201 13:27:46.349" endtime="20230201 13:27:46.417"/>
</kw>
<status status="PASS" starttime="20230201 13:27:46.348" endtime="20230201 13:27:46.417"/>
</kw>
<kw name="E clico em Login" library="customer_login_page">
<kw name="Click Element" library="SeleniumLibrary">
<arg>${login.bt_Login}</arg>
<doc>Click the element identified by ``locator``.</doc>
<msg timestamp="20230201 13:27:46.419" level="INFO">Clicking element '//button[@class='btn btn-default'][contains(.,'Login')]'.</msg>
<status status="PASS" starttime="20230201 13:27:46.419" endtime="20230201 13:27:46.473"/>
</kw>
<kw name="Sleep" library="BuiltIn">
<arg>2s</arg>
<doc>Pauses the test executed for the given time.</doc>
<msg timestamp="20230201 13:27:48.476" level="INFO">Slept 2 seconds</msg>
<status status="PASS" starttime="20230201 13:27:46.475" endtime="20230201 13:27:48.476"/>
</kw>
<status status="PASS" starttime="20230201 13:27:46.418" endtime="20230201 13:27:48.476"/>
</kw>
<status status="PASS" starttime="20230201 13:27:45.753" endtime="20230201 13:27:48.477"/>
</kw>
<kw name="Então os dados da nova conta são exibidos" library="account_page">
<kw name="Dados da conta são exibidos" library="account_page">
<arg>&amp;{data_newCustomer}</arg>
<kw name="Page Should Contain" library="SeleniumLibrary">
<arg>${CUSTOMER.FirstName} ${CUSTOMER.LastName}</arg>
<arg>${gen.Timeout}</arg>
<doc>Verifies that current page contains ``text``.</doc>
<msg timestamp="20230201 13:27:48.493" level="INFO">Current page contains text 'Carolina Porto'.</msg>
<status status="PASS" starttime="20230201 13:27:48.480" endtime="20230201 13:27:48.493"/>
</kw>
<status status="PASS" starttime="20230201 13:27:48.479" endtime="20230201 13:27:48.495"/>
</kw>
<status status="PASS" starttime="20230201 13:27:48.478" endtime="20230201 13:27:48.495"/>
</kw>
<doc>Realizar o login e cadastro usuário com sucesso</doc>
<tag>E2E</tag>
<status status="PASS" starttime="20230201 13:27:41.416" endtime="20230201 13:27:48.496"/>
</test>
<kw name="Fechar o navegador" library="setup_teardown" type="TEARDOWN">
<kw name="Sleep" library="BuiltIn">
<arg>1s</arg>
<doc>Pauses the test executed for the given time.</doc>
<msg timestamp="20230201 13:27:49.500" level="INFO">Slept 1 second</msg>
<status status="PASS" starttime="20230201 13:27:48.499" endtime="20230201 13:27:49.500"/>
</kw>
<kw name="Close Browser" library="SeleniumLibrary">
<doc>Closes the current browser.</doc>
<status status="PASS" starttime="20230201 13:27:49.500" endtime="20230201 13:27:51.625"/>
</kw>
<status status="PASS" starttime="20230201 13:27:48.499" endtime="20230201 13:27:51.625"/>
</kw>
<doc>Esta suíte realiza o fluxo solicitado pelo desafio</doc>
<status status="PASS" starttime="20230201 13:27:36.417" endtime="20230201 13:27:51.625"/>
</suite>
<status status="PASS" starttime="20230201 13:27:36.410" endtime="20230201 13:27:51.627"/>
</suite>
<suite id="s1-s2" name="Bank Manager Login" source="c:\Users\leticia_lima\Desktop\Ascan - Robot\suites\Bank Manager Login">
<suite id="s1-s2-s1" name="Bank Manager Login" source="c:\Users\leticia_lima\Desktop\Ascan - Robot\suites\Bank Manager Login\bank_manager_login.robot">
<test id="s1-s2-s1-t1" name="TM 01 - Cadastrar cliente" line="8">
<kw name="Acessar página de login do gerente" library="setup_teardown" type="SETUP">
<kw name="Abrir o navegador" library="setup_teardown">
<kw name="Open Browser" library="SeleniumLibrary">
<arg>browser=${gen.Browser}</arg>
<arg>options=add_experimental_option('excludeSwitches', ['enable-logging'])</arg>
<doc>Opens a new browser instance to the optional ``url``.</doc>
<msg timestamp="20230201 13:27:51.655" level="INFO">Opening browser 'chrome' to base url 'None'.</msg>
<status status="PASS" starttime="20230201 13:27:51.654" endtime="20230201 13:27:52.679"/>
</kw>
<kw name="Maximize Browser Window" library="SeleniumLibrary">
<doc>Maximizes current browser window.</doc>
<status status="PASS" starttime="20230201 13:27:52.680" endtime="20230201 13:27:52.805"/>
</kw>
<status status="PASS" starttime="20230201 13:27:51.653" endtime="20230201 13:27:52.806"/>
</kw>
<kw name="E acessar o site do banco" library="setup_teardown">
<kw name="Go To" library="SeleniumLibrary">
<arg>${gen.URL}</arg>
<doc>Navigates the current browser window to the provided ``url``.</doc>
<msg timestamp="20230201 13:27:52.810" level="INFO">Opening url 'https://www.way2automation.com/angularjs-protractor/banking/#/login'</msg>
<status status="PASS" starttime="20230201 13:27:52.808" endtime="20230201 13:27:54.798"/>
</kw>
<kw name="Wait Until Element Is Visible" library="SeleniumLibrary">
<arg>${home.bt_Home}</arg>
<arg>${gen.Timeout}</arg>
<doc>Waits until the element ``locator`` is visible.</doc>
<status status="PASS" starttime="20230201 13:27:54.799" endtime="20230201 13:27:55.243"/>
</kw>
<status status="PASS" starttime="20230201 13:27:52.806" endtime="20230201 13:27:55.244"/>
</kw>
<kw name="Clicar em Bank Manager Login" library="home_page">
<kw name="Click Element" library="SeleniumLibrary">
<arg>locator=${home.bt_BankManagerLogin}</arg>
<doc>Click the element identified by ``locator``.</doc>
<msg timestamp="20230201 13:27:55.246" level="INFO">Clicking element '//button[contains(.,'Bank Manager Login')]'.</msg>
<status status="PASS" starttime="20230201 13:27:55.245" endtime="20230201 13:27:55.286"/>
</kw>
<status status="PASS" starttime="20230201 13:27:55.244" endtime="20230201 13:27:55.286"/>
</kw>
<status status="PASS" starttime="20230201 13:27:51.652" endtime="20230201 13:27:55.286"/>
</kw>
<kw name="Dado que realizei o login como gerente do banco" library="manager_login_page">
<kw name="Wait Until Element Is Visible" library="SeleniumLibrary">
<arg>${manager.bt_AddCustomer}</arg>
<arg>${gen.Timeout}</arg>
<doc>Waits until the element ``locator`` is visible.</doc>
<status status="PASS" starttime="20230201 13:27:55.288" endtime="20230201 13:27:55.802"/>
</kw>
<status status="PASS" starttime="20230201 13:27:55.287" endtime="20230201 13:27:55.803"/>
</kw>
<kw name="Quando clico para adicionar um cliente" library="manager_login_page">
<kw name="Click Element" library="SeleniumLibrary">
<arg>${manager.bt_AddCustomer}</arg>
<doc>Click the element identified by ``locator``.</doc>
<msg timestamp="20230201 13:27:55.805" level="INFO">Clicking element '//button[@ng-class='btnClass1'][contains(.,'Add Customer')]'.</msg>
<status status="PASS" starttime="20230201 13:27:55.804" endtime="20230201 13:27:55.848"/>
</kw>
<status status="PASS" starttime="20230201 13:27:55.803" endtime="20230201 13:27:55.849"/>
</kw>
<kw name="E preencho os campos com dados válidos" library="manager_login_page">
<kw name="Wait Until Element Is Visible" library="SeleniumLibrary">
<arg>${manager.inp_FirstName}</arg>
<arg>${gen.Timeout}</arg>
<doc>Waits until the element ``locator`` is visible.</doc>
<status status="PASS" starttime="20230201 13:27:55.850" endtime="20230201 13:27:56.285"/>
</kw>
<kw name="Input Text" library="SeleniumLibrary">
<arg>${manager.inp_FirstName}</arg>
<arg>${data_newCustomer.FirstName}</arg>
<doc>Types the given ``text`` into the text field identified by ``locator``.</doc>
<msg timestamp="20230201 13:27:56.286" level="INFO">Typing text 'Carolina' into text field '//input[contains(@ng-model,'fName')]'.</msg>
<status status="PASS" starttime="20230201 13:27:56.285" endtime="20230201 13:27:56.368"/>
</kw>
<kw name="Input Text" library="SeleniumLibrary">
<arg>${manager.inp_LastName}</arg>
<arg>${data_newCustomer.LastName}</arg>
<doc>Types the given ``text`` into the text field identified by ``locator``.</doc>
<msg timestamp="20230201 13:27:56.370" level="INFO">Typing text 'Porto' into text field '//input[contains(@ng-model,'lName')]'.</msg>
<status status="PASS" starttime="20230201 13:27:56.368" endtime="20230201 13:27:56.484"/>
</kw>
<kw name="Input Text" library="SeleniumLibrary">
<arg>${manager.inp_PostCode}</arg>
<arg>${data_newCustomer.PostCode}</arg>
<doc>Types the given ``text`` into the text field identified by ``locator``.</doc>
<msg timestamp="20230201 13:27:56.487" level="INFO">Typing text '41613052' into text field '//input[contains(@ng-model,'postCd')]'.</msg>
<status status="PASS" starttime="20230201 13:27:56.485" endtime="20230201 13:27:56.617"/>
</kw>
<status status="PASS" starttime="20230201 13:27:55.849" endtime="20230201 13:27:56.617"/>
</kw>
<kw name="E clico para confirmar o cadastro do cliente" library="manager_login_page">
<kw name="Click Element" library="SeleniumLibrary">
<arg>${manager.sub_AddCustomer}</arg>
<doc>Click the element identified by ``locator``.</doc>
<msg timestamp="20230201 13:27:56.622" level="INFO">Clicking element '//button[@type='submit'][contains(.,'Add Customer')]'.</msg>
<status status="PASS" starttime="20230201 13:27:56.620" endtime="20230201 13:27:56.717"/>
</kw>
<status status="PASS" starttime="20230201 13:27:56.619" endtime="20230201 13:27:56.718"/>
</kw>
<kw name="Então o alerta de cadastro sucedido é exibido" library="manager_login_page">
<kw name="Handle Alert" library="SeleniumLibrary">
<var>${alertMessage}</var>
<doc>Handles the current alert and returns its message.</doc>
<msg timestamp="20230201 13:27:56.723" level="INFO">HANDLE::&lt;class 'NoneType'&gt;::None</msg>
<msg timestamp="20230201 13:27:56.731" level="INFO">${alertMessage} = Customer added successfully with customer id :6</msg>
<status status="PASS" starttime="20230201 13:27:56.722" endtime="20230201 13:27:56.731"/>
</kw>
<kw name="Should Contain" library="BuiltIn">
<arg>${alertMessage}</arg>
<arg>${manager.msg_CustomerAdded}</arg>
<doc>Fails if ``container`` does not contain ``item`` one or more times.</doc>
<status status="PASS" starttime="20230201 13:27:56.731" endtime="20230201 13:27:56.733"/>
</kw>
<status status="PASS" starttime="20230201 13:27:56.721" endtime="20230201 13:27:56.734"/>
</kw>
<kw name="E o cliente é exibido na aba Customers" library="manager_login_page">
<kw name="Quando clico para visualizar os clientes" library="manager_login_page">
<kw name="Click Element" library="SeleniumLibrary">
<arg>${manager.bt_Customers}</arg>
<doc>Click the element identified by ``locator``.</doc>
<msg timestamp="20230201 13:27:56.738" level="INFO">Clicking element '//button[@ng-class='btnClass3'][contains(.,'Customers')]'.</msg>
<status status="PASS" starttime="20230201 13:27:56.737" endtime="20230201 13:27:56.829"/>
</kw>
<status status="PASS" starttime="20230201 13:27:56.736" endtime="20230201 13:27:56.830"/>
</kw>
<kw name="Pesquiso o nome do cliente" library="manager_login_page">
<arg>${data_newCustomer.FirstName}</arg>
<kw name="Wait Until Element Is Visible" library="SeleniumLibrary">
<arg>${manager.inp_SearchCustomer}</arg>
<arg>${gen.Timeout}</arg>
<doc>Waits until the element ``locator`` is visible.</doc>
<status status="PASS" starttime="20230201 13:27:56.832" endtime="20230201 13:27:57.293"/>
</kw>
<kw name="Input Text" library="SeleniumLibrary">
<arg>${manager.inp_SearchCustomer}</arg>
<arg>${NAME}</arg>
<doc>Types the given ``text`` into the text field identified by ``locator``.</doc>
<msg timestamp="20230201 13:27:57.298" level="INFO">Typing text 'Carolina' into text field '//input[contains(@ng-model,'searchCustomer')]'.</msg>
<status status="PASS" starttime="20230201 13:27:57.295" endtime="20230201 13:27:57.438"/>
</kw>
<status status="PASS" starttime="20230201 13:27:56.830" endtime="20230201 13:27:57.439"/>
</kw>
<kw name="Cliente é exibido" library="manager_login_page">
<arg>&amp;{data_newCustomer}</arg>
<kw name="Page Should Contain" library="SeleniumLibrary">
<arg>${CUSTOMER.FirstName}</arg>
<doc>Verifies that current page contains ``text``.</doc>
<msg timestamp="20230201 13:27:57.463" level="INFO">Current page contains text 'Carolina'.</msg>
<status status="PASS" starttime="20230201 13:27:57.440" endtime="20230201 13:27:57.465"/>
</kw>
<kw name="Page Should Contain" library="SeleniumLibrary">
<arg>${CUSTOMER.LastName}</arg>
<doc>Verifies that current page contains ``text``.</doc>
<msg timestamp="20230201 13:27:57.502" level="INFO">Current page contains text 'Porto'.</msg>
<status status="PASS" starttime="20230201 13:27:57.466" endtime="20230201 13:27:57.502"/>
</kw>
<status status="PASS" starttime="20230201 13:27:57.439" endtime="20230201 13:27:57.503"/>
</kw>
<status status="PASS" starttime="20230201 13:27:56.735" endtime="20230201 13:27:57.504"/>
</kw>
<kw name="Fechar o navegador" library="setup_teardown" type="TEARDOWN">
<kw name="Sleep" library="BuiltIn">
<arg>1s</arg>
<doc>Pauses the test executed for the given time.</doc>
<msg timestamp="20230201 13:27:58.508" level="INFO">Slept 1 second</msg>
<status status="PASS" starttime="20230201 13:27:57.506" endtime="20230201 13:27:58.508"/>
</kw>
<kw name="Close Browser" library="SeleniumLibrary">
<doc>Closes the current browser.</doc>
<status status="PASS" starttime="20230201 13:27:58.509" endtime="20230201 13:28:00.723"/>
</kw>
<status status="PASS" starttime="20230201 13:27:57.506" endtime="20230201 13:28:00.723"/>
</kw>
<doc>Realizar o cadastro de um novo cliente com sucesso</doc>
<tag>FB</tag>
<tag>Manager</tag>
<status status="PASS" starttime="20230201 13:27:51.651" endtime="20230201 13:28:00.724"/>
</test>
<test id="s1-s2-s1-t2" name="TM 02 - Abrir conta" line="18">
<kw name="Acessar página de login do gerente" library="setup_teardown" type="SETUP">
<kw name="Abrir o navegador" library="setup_teardown">
<kw name="Open Browser" library="SeleniumLibrary">
<arg>browser=${gen.Browser}</arg>
<arg>options=add_experimental_option('excludeSwitches', ['enable-logging'])</arg>
<doc>Opens a new browser instance to the optional ``url``.</doc>
<msg timestamp="20230201 13:28:00.730" level="INFO">Opening browser 'chrome' to base url 'None'.</msg>
<status status="PASS" starttime="20230201 13:28:00.729" endtime="20230201 13:28:01.759"/>
</kw>
<kw name="Maximize Browser Window" library="SeleniumLibrary">
<doc>Maximizes current browser window.</doc>
<status status="PASS" starttime="20230201 13:28:01.759" endtime="20230201 13:28:01.883"/>
</kw>
<status status="PASS" starttime="20230201 13:28:00.729" endtime="20230201 13:28:01.884"/>
</kw>
<kw name="E acessar o site do banco" library="setup_teardown">
<kw name="Go To" library="SeleniumLibrary">
<arg>${gen.URL}</arg>
<doc>Navigates the current browser window to the provided ``url``.</doc>
<msg timestamp="20230201 13:28:01.885" level="INFO">Opening url 'https://www.way2automation.com/angularjs-protractor/banking/#/login'</msg>
<status status="PASS" starttime="20230201 13:28:01.884" endtime="20230201 13:28:03.509"/>
</kw>
<kw name="Wait Until Element Is Visible" library="SeleniumLibrary">
<arg>${home.bt_Home}</arg>
<arg>${gen.Timeout}</arg>
<doc>Waits until the element ``locator`` is visible.</doc>
<status status="PASS" starttime="20230201 13:28:03.511" endtime="20230201 13:28:04.357"/>
</kw>
<status status="PASS" starttime="20230201 13:28:01.884" endtime="20230201 13:28:04.357"/>
</kw>
<kw name="Clicar em Bank Manager Login" library="home_page">
<kw name="Click Element" library="SeleniumLibrary">
<arg>locator=${home.bt_BankManagerLogin}</arg>
<doc>Click the element identified by ``locator``.</doc>
<msg timestamp="20230201 13:28:04.359" level="INFO">Clicking element '//button[contains(.,'Bank Manager Login')]'.</msg>
<status status="PASS" starttime="20230201 13:28:04.358" endtime="20230201 13:28:04.417"/>
</kw>
<status status="PASS" starttime="20230201 13:28:04.358" endtime="20230201 13:28:04.418"/>
</kw>
<status status="PASS" starttime="20230201 13:28:00.728" endtime="20230201 13:28:04.418"/>
</kw>
<kw name="Dado que realizei o login como gerente do banco" library="manager_login_page">
<kw name="Wait Until Element Is Visible" library="SeleniumLibrary">
<arg>${manager.bt_AddCustomer}</arg>
<arg>${gen.Timeout}</arg>
<doc>Waits until the element ``locator`` is visible.</doc>
<status status="PASS" starttime="20230201 13:28:04.420" endtime="20230201 13:28:04.852"/>
</kw>
<status status="PASS" starttime="20230201 13:28:04.418" endtime="20230201 13:28:04.852"/>
</kw>
<kw name="Quando clico para abrir uma conta" library="manager_login_page">
<kw name="Click Element" library="SeleniumLibrary">
<arg>${manager.bt_OpenAccount}</arg>
<doc>Click the element identified by ``locator``.</doc>
<msg timestamp="20230201 13:28:04.854" level="INFO">Clicking element '//button[@ng-class='btnClass2'][contains(.,'Open Account')]'.</msg>
<status status="PASS" starttime="20230201 13:28:04.853" endtime="20230201 13:28:04.887"/>
</kw>
<status status="PASS" starttime="20230201 13:28:04.853" endtime="20230201 13:28:04.887"/>
</kw>
<kw name="E seleciono um cliente" library="manager_login_page">
<kw name="Seleciono um cliente" library="manager_login_page">
<arg>&amp;{data_Customer}</arg>
<kw name="Wait Until Element Is Visible" library="SeleniumLibrary">
<arg>${manager.sel_Customer}</arg>
<arg>${gen.Timeout}</arg>
<doc>Waits until the element ``locator`` is visible.</doc>
<status status="PASS" starttime="20230201 13:28:04.889" endtime="20230201 13:28:05.365"/>
</kw>
<kw name="Select From List By Label" library="SeleniumLibrary">
<arg>${manager.sel_Customer}</arg>
<arg>${CUSTOMER.FirstName} ${CUSTOMER.LastName}</arg>
<doc>Selects options from selection list ``locator`` by ``labels``.</doc>
<msg timestamp="20230201 13:28:05.368" level="INFO">Selecting options from selection list 'userSelect' by label Hermoine Granger.</msg>
<status status="PASS" starttime="20230201 13:28:05.366" endtime="20230201 13:28:05.439"/>
</kw>
<status status="PASS" starttime="20230201 13:28:04.889" endtime="20230201 13:28:05.440"/>
</kw>
<status status="PASS" starttime="20230201 13:28:04.888" endtime="20230201 13:28:05.440"/>
</kw>
<kw name="E seleciono uma moeda" library="manager_login_page">
<kw name="Wait Until Element Is Visible" library="SeleniumLibrary">
<arg>${manager.sel_Currency}</arg>
<arg>${gen.Timeout}</arg>
<doc>Waits until the element ``locator`` is visible.</doc>
<status status="PASS" starttime="20230201 13:28:05.442" endtime="20230201 13:28:05.477"/>
</kw>
<kw name="Select From List By Index" library="SeleniumLibrary">
<arg>${manager.sel_Currency}</arg>
<arg>2</arg>
<doc>Selects options from selection list ``locator`` by ``indexes``.</doc>
<msg timestamp="20230201 13:28:05.479" level="INFO">Selecting options from selection list 'currency' by index 2.</msg>
<status status="PASS" starttime="20230201 13:28:05.477" endtime="20230201 13:28:05.612"/>
</kw>
<status status="PASS" starttime="20230201 13:28:05.441" endtime="20230201 13:28:05.613"/>
</kw>
<kw name="E confirmo a abertura da conta" library="manager_login_page">
<kw name="Click Element" library="SeleniumLibrary">
<arg>${manager.sub_Process}</arg>
<doc>Click the element identified by ``locator``.</doc>
<msg timestamp="20230201 13:28:05.617" level="INFO">Clicking element '//button[@type='submit'][contains(.,'Process')]'.</msg>
<status status="PASS" starttime="20230201 13:28:05.615" endtime="20230201 13:28:05.682"/>
</kw>
<status status="PASS" starttime="20230201 13:28:05.614" endtime="20230201 13:28:05.683"/>
</kw>
<kw name="Então o alerta de abertura sucedida é exibido" library="manager_login_page">
<kw name="Sleep" library="BuiltIn">
<arg>2s</arg>
<doc>Pauses the test executed for the given time.</doc>
<msg timestamp="20230201 13:28:07.686" level="INFO">Slept 2 seconds</msg>
<status status="PASS" starttime="20230201 13:28:05.685" endtime="20230201 13:28:07.686"/>
</kw>
<kw name="Handle Alert" library="SeleniumLibrary">
<var>${alertMessage}</var>
<doc>Handles the current alert and returns its message.</doc>
<msg timestamp="20230201 13:28:07.687" level="INFO">HANDLE::&lt;class 'NoneType'&gt;::None</msg>
<msg timestamp="20230201 13:28:07.694" level="INFO">${alertMessage} = Account created successfully with account Number :1016</msg>
<status status="PASS" starttime="20230201 13:28:07.687" endtime="20230201 13:28:07.694"/>
</kw>
<kw name="Fetch From Right" library="String">
<var>${accNumber}</var>
<arg>${alertMessage}</arg>
<arg>:</arg>
<doc>Returns contents of the ``string`` after the last occurrence of ``marker``.</doc>
<msg timestamp="20230201 13:28:07.695" level="INFO">${accNumber} = 1016</msg>
<status status="PASS" starttime="20230201 13:28:07.695" endtime="20230201 13:28:07.696"/>
</kw>
<kw name="Should Contain" library="BuiltIn">
<arg>${alertMessage}</arg>
<arg>${manager.msg_AccCreated}</arg>
<doc>Fails if ``container`` does not contain ``item`` one or more times.</doc>
<status status="PASS" starttime="20230201 13:28:07.697" endtime="20230201 13:28:07.698"/>
</kw>
<status status="PASS" starttime="20230201 13:28:05.685" endtime="20230201 13:28:07.699"/>
</kw>
<kw name="E a conta do cliente é exibida na aba Customers" library="manager_login_page">
<kw name="Quando clico para visualizar os clientes" library="manager_login_page">
<kw name="Click Element" library="SeleniumLibrary">
<arg>${manager.bt_Customers}</arg>
<doc>Click the element identified by ``locator``.</doc>
<msg timestamp="20230201 13:28:07.706" level="INFO">Clicking element '//button[@ng-class='btnClass3'][contains(.,'Customers')]'.</msg>
<status status="PASS" starttime="20230201 13:28:07.705" endtime="20230201 13:28:07.771"/>
</kw>
<status status="PASS" starttime="20230201 13:28:07.704" endtime="20230201 13:28:07.772"/>
</kw>
<kw name="Pesquiso o nome do cliente" library="manager_login_page">
<arg>${data_Customer.FirstName}</arg>
<kw name="Wait Until Element Is Visible" library="SeleniumLibrary">
<arg>${manager.inp_SearchCustomer}</arg>
<arg>${gen.Timeout}</arg>
<doc>Waits until the element ``locator`` is visible.</doc>
<status status="PASS" starttime="20230201 13:28:07.774" endtime="20230201 13:28:08.233"/>
</kw>
<kw name="Input Text" library="SeleniumLibrary">
<arg>${manager.inp_SearchCustomer}</arg>
<arg>${NAME}</arg>
<doc>Types the given ``text`` into the text field identified by ``locator``.</doc>
<msg timestamp="20230201 13:28:08.236" level="INFO">Typing text 'Hermoine' into text field '//input[contains(@ng-model,'searchCustomer')]'.</msg>
<status status="PASS" starttime="20230201 13:28:08.233" endtime="20230201 13:28:08.371"/>
</kw>
<status status="PASS" starttime="20230201 13:28:07.772" endtime="20230201 13:28:08.371"/>
</kw>
<kw name="Cliente é exibido" library="manager_login_page">
<arg>&amp;{data_Customer}</arg>
<kw name="Page Should Contain" library="SeleniumLibrary">
<arg>${CUSTOMER.FirstName}</arg>
<doc>Verifies that current page contains ``text``.</doc>
<msg timestamp="20230201 13:28:08.397" level="INFO">Current page contains text 'Hermoine'.</msg>
<status status="PASS" starttime="20230201 13:28:08.373" endtime="20230201 13:28:08.397"/>
</kw>
<kw name="Page Should Contain" library="SeleniumLibrary">
<arg>${CUSTOMER.LastName}</arg>
<doc>Verifies that current page contains ``text``.</doc>
<msg timestamp="20230201 13:28:08.423" level="INFO">Current page contains text 'Granger'.</msg>
<status status="PASS" starttime="20230201 13:28:08.398" endtime="20230201 13:28:08.424"/>
</kw>
<status status="PASS" starttime="20230201 13:28:08.372" endtime="20230201 13:28:08.425"/>
</kw>
<kw name="Page Should Contain" library="SeleniumLibrary">
<arg>${accNumber}</arg>
<doc>Verifies that current page contains ``text``.</doc>
<msg timestamp="20230201 13:28:08.454" level="INFO">Current page contains text ''.</msg>
<status status="PASS" starttime="20230201 13:28:08.426" endtime="20230201 13:28:08.455"/>
</kw>
<status status="PASS" starttime="20230201 13:28:07.703" endtime="20230201 13:28:08.455"/>
</kw>
<kw name="Fechar o navegador" library="setup_teardown" type="TEARDOWN">
<kw name="Sleep" library="BuiltIn">
<arg>1s</arg>
<doc>Pauses the test executed for the given time.</doc>
<msg timestamp="20230201 13:28:09.459" level="INFO">Slept 1 second</msg>
<status status="PASS" starttime="20230201 13:28:08.457" endtime="20230201 13:28:09.459"/>
</kw>
<kw name="Close Browser" library="SeleniumLibrary">
<doc>Closes the current browser.</doc>
<status status="PASS" starttime="20230201 13:28:09.460" endtime="20230201 13:28:11.591"/>
</kw>
<status status="PASS" starttime="20230201 13:28:08.456" endtime="20230201 13:28:11.591"/>
</kw>
<doc>Realizar a abertura de conta de um cliente cadastrado</doc>
<tag>FB</tag>
<tag>Manager</tag>
<status status="PASS" starttime="20230201 13:28:00.727" endtime="20230201 13:28:11.592"/>
</test>
<test id="s1-s2-s1-t3" name="TM 03 - Buscar cliente" line="29">
<kw name="Acessar página de login do gerente" library="setup_teardown" type="SETUP">
<kw name="Abrir o navegador" library="setup_teardown">
<kw name="Open Browser" library="SeleniumLibrary">
<arg>browser=${gen.Browser}</arg>
<arg>options=add_experimental_option('excludeSwitches', ['enable-logging'])</arg>
<doc>Opens a new browser instance to the optional ``url``.</doc>
<msg timestamp="20230201 13:28:11.596" level="INFO">Opening browser 'chrome' to base url 'None'.</msg>
<status status="PASS" starttime="20230201 13:28:11.595" endtime="20230201 13:28:12.619"/>
</kw>
<kw name="Maximize Browser Window" library="SeleniumLibrary">
<doc>Maximizes current browser window.</doc>
<status status="PASS" starttime="20230201 13:28:12.620" endtime="20230201 13:28:12.735"/>
</kw>
<status status="PASS" starttime="20230201 13:28:11.594" endtime="20230201 13:28:12.737"/>
</kw>
<kw name="E acessar o site do banco" library="setup_teardown">
<kw name="Go To" library="SeleniumLibrary">
<arg>${gen.URL}</arg>
<doc>Navigates the current browser window to the provided ``url``.</doc>
<msg timestamp="20230201 13:28:12.741" level="INFO">Opening url 'https://www.way2automation.com/angularjs-protractor/banking/#/login'</msg>
<status status="PASS" starttime="20230201 13:28:12.739" endtime="20230201 13:28:14.669"/>
</kw>
<kw name="Wait Until Element Is Visible" library="SeleniumLibrary">
<arg>${home.bt_Home}</arg>
<arg>${gen.Timeout}</arg>
<doc>Waits until the element ``locator`` is visible.</doc>
<status status="PASS" starttime="20230201 13:28:14.670" endtime="20230201 13:28:15.101"/>
</kw>
<status status="PASS" starttime="20230201 13:28:12.738" endtime="20230201 13:28:15.102"/>
</kw>
<kw name="Clicar em Bank Manager Login" library="home_page">
<kw name="Click Element" library="SeleniumLibrary">
<arg>locator=${home.bt_BankManagerLogin}</arg>
<doc>Click the element identified by ``locator``.</doc>
<msg timestamp="20230201 13:28:15.103" level="INFO">Clicking element '//button[contains(.,'Bank Manager Login')]'.</msg>
<status status="PASS" starttime="20230201 13:28:15.102" endtime="20230201 13:28:15.141"/>
</kw>
<status status="PASS" starttime="20230201 13:28:15.102" endtime="20230201 13:28:15.141"/>
</kw>
<status status="PASS" starttime="20230201 13:28:11.594" endtime="20230201 13:28:15.141"/>
</kw>
<kw name="Dado que realizei o login como gerente do banco" library="manager_login_page">
<kw name="Wait Until Element Is Visible" library="SeleniumLibrary">
<arg>${manager.bt_AddCustomer}</arg>
<arg>${gen.Timeout}</arg>
<doc>Waits until the element ``locator`` is visible.</doc>
<status status="PASS" starttime="20230201 13:28:15.143" endtime="20230201 13:28:15.581"/>
</kw>
<status status="PASS" starttime="20230201 13:28:15.142" endtime="20230201 13:28:15.581"/>
</kw>
<kw name="Quando clico para visualizar os clientes" library="manager_login_page">
<kw name="Click Element" library="SeleniumLibrary">
<arg>${manager.bt_Customers}</arg>
<doc>Click the element identified by ``locator``.</doc>
<msg timestamp="20230201 13:28:15.583" level="INFO">Clicking element '//button[@ng-class='btnClass3'][contains(.,'Customers')]'.</msg>
<status status="PASS" starttime="20230201 13:28:15.582" endtime="20230201 13:28:15.692"/>
</kw>
<status status="PASS" starttime="20230201 13:28:15.582" endtime="20230201 13:28:15.693"/>
</kw>
<kw name="E pesquiso o nome de um cliente" library="manager_login_page">
<kw name="Pesquiso o nome do cliente" library="manager_login_page">
<arg>${data_Customer.FirstName} ${data_Customer.LastName}</arg>
<kw name="Wait Until Element Is Visible" library="SeleniumLibrary">
<arg>${manager.inp_SearchCustomer}</arg>
<arg>${gen.Timeout}</arg>
<doc>Waits until the element ``locator`` is visible.</doc>
<status status="PASS" starttime="20230201 13:28:15.695" endtime="20230201 13:28:16.131"/>
</kw>
<kw name="Input Text" library="SeleniumLibrary">
<arg>${manager.inp_SearchCustomer}</arg>
<arg>${NAME}</arg>
<doc>Types the given ``text`` into the text field identified by ``locator``.</doc>
<msg timestamp="20230201 13:28:16.133" level="INFO">Typing text 'Hermoine Granger' into text field '//input[contains(@ng-model,'searchCustomer')]'.</msg>
<status status="PASS" starttime="20230201 13:28:16.132" endtime="20230201 13:28:16.217"/>
</kw>
<status status="PASS" starttime="20230201 13:28:15.694" endtime="20230201 13:28:16.217"/>
</kw>
<status status="PASS" starttime="20230201 13:28:15.693" endtime="20230201 13:28:16.218"/>
</kw>
<kw name="Então o cliente é exibido na aba Customers" library="manager_login_page">
<kw name="Cliente é exibido" library="manager_login_page">
<arg>&amp;{data_Customer}</arg>
<kw name="Page Should Contain" library="SeleniumLibrary">
<arg>${CUSTOMER.FirstName}</arg>
<doc>Verifies that current page contains ``text``.</doc>
<msg timestamp="20230201 13:28:16.555" level="INFO" html="true">&lt;/td&gt;&lt;/tr&gt;&lt;tr&gt;&lt;td colspan="3"&gt;&lt;a href="selenium-screenshot-1.png"&gt;&lt;img src="selenium-screenshot-1.png" width="800px"&gt;&lt;/a&gt;</msg>
<msg timestamp="20230201 13:28:16.556" level="FAIL">Page should have contained text 'Hermoine' but did not.</msg>
<status status="FAIL" starttime="20230201 13:28:16.219" endtime="20230201 13:28:16.565"/>
</kw>
<kw name="Page Should Contain" library="SeleniumLibrary">
<arg>${CUSTOMER.LastName}</arg>
<doc>Verifies that current page contains ``text``.</doc>
<status status="NOT RUN" starttime="20230201 13:28:16.566" endtime="20230201 13:28:16.566"/>
</kw>
<status status="FAIL" starttime="20230201 13:28:16.219" endtime="20230201 13:28:16.568"/>
</kw>
<status status="FAIL" starttime="20230201 13:28:16.218" endtime="20230201 13:28:16.569"/>
</kw>
<kw name="Fechar o navegador" library="setup_teardown" type="TEARDOWN">
<kw name="Sleep" library="BuiltIn">
<arg>1s</arg>
<doc>Pauses the test executed for the given time.</doc>
<msg timestamp="20230201 13:28:17.572" level="INFO">Slept 1 second</msg>
<status status="PASS" starttime="20230201 13:28:16.571" endtime="20230201 13:28:17.572"/>
</kw>
<kw name="Close Browser" library="SeleniumLibrary">
<doc>Closes the current browser.</doc>
<status status="PASS" starttime="20230201 13:28:17.573" endtime="20230201 13:28:19.900"/>
</kw>
<status status="PASS" starttime="20230201 13:28:16.571" endtime="20230201 13:28:19.901"/>
</kw>
<doc>Realizar a busca por nome completo de um cliente cadastrado</doc>
<tag>FB</tag>
<tag>Manager</tag>
<status status="FAIL" starttime="20230201 13:28:11.593" endtime="20230201 13:28:19.901">Page should have contained text 'Hermoine' but did not.</status>
</test>
<test id="s1-s2-s1-t4" name="TM 04 - Deletar cliente" line="38">
<kw name="Acessar página de login do gerente" library="setup_teardown" type="SETUP">
<kw name="Abrir o navegador" library="setup_teardown">
<kw name="Open Browser" library="SeleniumLibrary">
<arg>browser=${gen.Browser}</arg>
<arg>options=add_experimental_option('excludeSwitches', ['enable-logging'])</arg>
<doc>Opens a new browser instance to the optional ``url``.</doc>
<msg timestamp="20230201 13:28:19.906" level="INFO">Opening browser 'chrome' to base url 'None'.</msg>
<status status="PASS" starttime="20230201 13:28:19.905" endtime="20230201 13:28:21.067"/>
</kw>
<kw name="Maximize Browser Window" library="SeleniumLibrary">
<doc>Maximizes current browser window.</doc>
<status status="PASS" starttime="20230201 13:28:21.067" endtime="20230201 13:28:21.198"/>
</kw>
<status status="PASS" starttime="20230201 13:28:19.905" endtime="20230201 13:28:21.200"/>
</kw>
<kw name="E acessar o site do banco" library="setup_teardown">
<kw name="Go To" library="SeleniumLibrary">
<arg>${gen.URL}</arg>
<doc>Navigates the current browser window to the provided ``url``.</doc>
<msg timestamp="20230201 13:28:21.206" level="INFO">Opening url 'https://www.way2automation.com/angularjs-protractor/banking/#/login'</msg>
<status status="PASS" starttime="20230201 13:28:21.202" endtime="20230201 13:28:22.876"/>
</kw>
<kw name="Wait Until Element Is Visible" library="SeleniumLibrary">
<arg>${home.bt_Home}</arg>
<arg>${gen.Timeout}</arg>
<doc>Waits until the element ``locator`` is visible.</doc>
<status status="PASS" starttime="20230201 13:28:22.877" endtime="20230201 13:28:23.722"/>
</kw>
<status status="PASS" starttime="20230201 13:28:21.201" endtime="20230201 13:28:23.723"/>
</kw>
<kw name="Clicar em Bank Manager Login" library="home_page">
<kw name="Click Element" library="SeleniumLibrary">
<arg>locator=${home.bt_BankManagerLogin}</arg>
<doc>Click the element identified by ``locator``.</doc>
<msg timestamp="20230201 13:28:23.724" level="INFO">Clicking element '//button[contains(.,'Bank Manager Login')]'.</msg>
<status status="PASS" starttime="20230201 13:28:23.723" endtime="20230201 13:28:23.760"/>
</kw>
<status status="PASS" starttime="20230201 13:28:23.723" endtime="20230201 13:28:23.761"/>
</kw>
<status status="PASS" starttime="20230201 13:28:19.905" endtime="20230201 13:28:23.761"/>
</kw>
<kw name="Dado que realizei o login como gerente do banco" library="manager_login_page">
<kw name="Wait Until Element Is Visible" library="SeleniumLibrary">
<arg>${manager.bt_AddCustomer}</arg>
<arg>${gen.Timeout}</arg>
<doc>Waits until the element ``locator`` is visible.</doc>
<status status="PASS" starttime="20230201 13:28:23.762" endtime="20230201 13:28:24.195"/>
</kw>
<status status="PASS" starttime="20230201 13:28:23.762" endtime="20230201 13:28:24.196"/>
</kw>
<kw name="Quando pesquiso o nome de um cliente" library="manager_login_page">
<kw name="Pesquiso o nome do cliente" library="manager_login_page">
<arg>${data_Customer.FirstName}</arg>
<kw name="Wait Until Element Is Visible" library="SeleniumLibrary">
<arg>${manager.inp_SearchCustomer}</arg>
<arg>${gen.Timeout}</arg>
<doc>Waits until the element ``locator`` is visible.</doc>
<msg timestamp="20230201 13:28:34.490" level="INFO" html="true">&lt;/td&gt;&lt;/tr&gt;&lt;tr&gt;&lt;td colspan="3"&gt;&lt;a href="selenium-screenshot-2.png"&gt;&lt;img src="selenium-screenshot-2.png" width="800px"&gt;&lt;/a&gt;</msg>
<msg timestamp="20230201 13:28:34.491" level="FAIL">Element '//input[contains(@ng-model,'searchCustomer')]' not visible after 10 seconds.</msg>
<status status="FAIL" starttime="20230201 13:28:24.198" endtime="20230201 13:28:34.493"/>
</kw>
<kw name="Input Text" library="SeleniumLibrary">
<arg>${manager.inp_SearchCustomer}</arg>
<arg>${NAME}</arg>
<doc>Types the given ``text`` into the text field identified by ``locator``.</doc>
<status status="NOT RUN" starttime="20230201 13:28:34.494" endtime="20230201 13:28:34.495"/>
</kw>
<status status="FAIL" starttime="20230201 13:28:24.197" endtime="20230201 13:28:34.497"/>
</kw>
<status status="FAIL" starttime="20230201 13:28:24.196" endtime="20230201 13:28:34.498"/>
</kw>
<kw name="E clico para deletar o cadastro" library="manager_login_page">
<status status="NOT RUN" starttime="20230201 13:28:34.499" endtime="20230201 13:28:34.499"/>
</kw>
<kw name="Então o cadastro do cliente é excluido do sistema" library="manager_login_page">
<status status="NOT RUN" starttime="20230201 13:28:34.500" endtime="20230201 13:28:34.501"/>
</kw>
<kw name="Fechar o navegador" library="setup_teardown" type="TEARDOWN">
<kw name="Sleep" library="BuiltIn">
<arg>1s</arg>
<doc>Pauses the test executed for the given time.</doc>
<msg timestamp="20230201 13:28:35.502" level="INFO">Slept 1 second</msg>
<status status="PASS" starttime="20230201 13:28:34.502" endtime="20230201 13:28:35.502"/>
</kw>
<kw name="Close Browser" library="SeleniumLibrary">
<doc>Closes the current browser.</doc>
<status status="PASS" starttime="20230201 13:28:35.502" endtime="20230201 13:28:37.642"/>
</kw>
<status status="PASS" starttime="20230201 13:28:34.502" endtime="20230201 13:28:37.642"/>
</kw>
<doc>Realizar a exclusão de um cliente cadastrado</doc>
<tag>FB</tag>
<tag>Manager</tag>
<status status="FAIL" starttime="20230201 13:28:19.903" endtime="20230201 13:28:37.643">Element '//input[contains(@ng-model,'searchCustomer')]' not visible after 10 seconds.</status>
</test>
<doc>Esta suíte testa as páginas do gerente</doc>
<status status="FAIL" starttime="20230201 13:27:51.633" endtime="20230201 13:28:37.645"/>
</suite>
<status status="FAIL" starttime="20230201 13:27:51.630" endtime="20230201 13:28:37.649"/>
</suite>
<suite id="s1-s3" name="Customer Login" source="c:\Users\leticia_lima\Desktop\Ascan - Robot\suites\Customer Login">
<suite id="s1-s3-s1" name="Customer Login" source="c:\Users\leticia_lima\Desktop\Ascan - Robot\suites\Customer Login\customer_login.robot">
<test id="s1-s3-s1-t1" name="TC 01 - Realizar login" line="8">
<kw name="Acessar página de login do cliente" library="setup_teardown" type="SETUP">
<kw name="Abrir o navegador" library="setup_teardown">
<kw name="Open Browser" library="SeleniumLibrary">
<arg>browser=${gen.Browser}</arg>
<arg>options=add_experimental_option('excludeSwitches', ['enable-logging'])</arg>
<doc>Opens a new browser instance to the optional ``url``.</doc>
<msg timestamp="20230201 13:28:37.676" level="INFO">Opening browser 'chrome' to base url 'None'.</msg>
<status status="PASS" starttime="20230201 13:28:37.674" endtime="20230201 13:28:38.694"/>
</kw>
<kw name="Maximize Browser Window" library="SeleniumLibrary">
<doc>Maximizes current browser window.</doc>
<status status="PASS" starttime="20230201 13:28:38.695" endtime="20230201 13:28:38.811"/>
</kw>
<status status="PASS" starttime="20230201 13:28:37.674" endtime="20230201 13:28:38.811"/>
</kw>
<kw name="E acessar o site do banco" library="setup_teardown">
<kw name="Go To" library="SeleniumLibrary">
<arg>${gen.URL}</arg>
<doc>Navigates the current browser window to the provided ``url``.</doc>
<msg timestamp="20230201 13:28:38.814" level="INFO">Opening url 'https://www.way2automation.com/angularjs-protractor/banking/#/login'</msg>
<status status="PASS" starttime="20230201 13:28:38.813" endtime="20230201 13:28:40.457"/>
</kw>
<kw name="Wait Until Element Is Visible" library="SeleniumLibrary">
<arg>${home.bt_Home}</arg>
<arg>${gen.Timeout}</arg>
<doc>Waits until the element ``locator`` is visible.</doc>
<status status="PASS" starttime="20230201 13:28:40.458" endtime="20230201 13:28:41.305"/>
</kw>
<status status="PASS" starttime="20230201 13:28:38.812" endtime="20230201 13:28:41.306"/>
</kw>
<kw name="Clicar em Customer Login" library="home_page">
<kw name="Click Element" library="SeleniumLibrary">
<arg>locator=${home.bt_CustomerLogin}</arg>
<doc>Click the element identified by ``locator``.</doc>
<msg timestamp="20230201 13:28:41.308" level="INFO">Clicking element '//button[contains(.,'Customer Login')]'.</msg>
<status status="PASS" starttime="20230201 13:28:41.306" endtime="20230201 13:28:41.342"/>
</kw>
<status status="PASS" starttime="20230201 13:28:41.306" endtime="20230201 13:28:41.343"/>
</kw>
<status status="PASS" starttime="20230201 13:28:37.673" endtime="20230201 13:28:41.343"/>
</kw>
<kw name="Dado que estou na página de login" library="customer_login_page">
<kw name="Então a página de login é exibida" library="customer_login_page">
<kw name="Wait Until Page Contains Element" library="SeleniumLibrary">
<arg>${login.sel_Name}</arg>
<arg>${gen.Timeout}</arg>
<doc>Waits until the element ``locator`` appears on the current page.</doc>
<status status="PASS" starttime="20230201 13:28:41.345" endtime="20230201 13:28:41.766"/>
</kw>
<status status="PASS" starttime="20230201 13:28:41.344" endtime="20230201 13:28:41.767"/>
</kw>
<status status="PASS" starttime="20230201 13:28:41.344" endtime="20230201 13:28:41.767"/>
</kw>
<kw name="Quando seleciono um nome" library="customer_login_page">
<kw name="Select From List By Label" library="SeleniumLibrary">
<arg>${login.sel_Name}</arg>
<arg>${data_Customer.FirstName} ${data_Customer.LastName}</arg>
<doc>Selects options from selection list ``locator`` by ``labels``.</doc>
<msg timestamp="20230201 13:28:41.769" level="INFO">Selecting options from selection list 'id:userSelect' by label Hermoine Granger.</msg>
<status status="PASS" starttime="20230201 13:28:41.768" endtime="20230201 13:28:41.819"/>
</kw>
<status status="PASS" starttime="20230201 13:28:41.768" endtime="20230201 13:28:41.819"/>
</kw>
<kw name="E clico em Login" library="customer_login_page">
<kw name="Click Element" library="SeleniumLibrary">
<arg>${login.bt_Login}</arg>
<doc>Click the element identified by ``locator``.</doc>
<msg timestamp="20230201 13:28:41.821" level="INFO">Clicking element '//button[@class='btn btn-default'][contains(.,'Login')]'.</msg>
<status status="PASS" starttime="20230201 13:28:41.821" endtime="20230201 13:28:41.862"/>
</kw>
<kw name="Sleep" library="BuiltIn">
<arg>2s</arg>
<doc>Pauses the test executed for the given time.</doc>
<msg timestamp="20230201 13:28:43.864" level="INFO">Slept 2 seconds</msg>
<status status="PASS" starttime="20230201 13:28:41.863" endtime="20230201 13:28:43.865"/>
</kw>
<status status="PASS" starttime="20230201 13:28:41.820" endtime="20230201 13:28:43.865"/>
</kw>
<kw name="Então os dados da conta são exibidos" library="account_page">
<kw name="Dados da conta são exibidos" library="account_page">
<arg>&amp;{data_Customer}</arg>
<kw name="Page Should Contain" library="SeleniumLibrary">
<arg>${CUSTOMER.FirstName} ${CUSTOMER.LastName}</arg>
<arg>${gen.Timeout}</arg>
<doc>Verifies that current page contains ``text``.</doc>
<msg timestamp="20230201 13:28:43.883" level="INFO">Current page contains text 'Hermoine Granger'.</msg>
<status status="PASS" starttime="20230201 13:28:43.868" endtime="20230201 13:28:43.884"/>
</kw>
<status status="PASS" starttime="20230201 13:28:43.867" endtime="20230201 13:28:43.884"/>
</kw>
<status status="PASS" starttime="20230201 13:28:43.866" endtime="20230201 13:28:43.884"/>
</kw>
<kw name="Fechar o navegador" library="setup_teardown" type="TEARDOWN">
<kw name="Sleep" library="BuiltIn">
<arg>1s</arg>
<doc>Pauses the test executed for the given time.</doc>
<msg timestamp="20230201 13:28:44.888" level="INFO">Slept 1 second</msg>
<status status="PASS" starttime="20230201 13:28:43.886" endtime="20230201 13:28:44.888"/>
</kw>
<kw name="Close Browser" library="SeleniumLibrary">
<doc>Closes the current browser.</doc>
<status status="PASS" starttime="20230201 13:28:44.888" endtime="20230201 13:28:47.077"/>
</kw>
<status status="PASS" starttime="20230201 13:28:43.885" endtime="20230201 13:28:47.077"/>
</kw>
<doc>Realizar o login do usuário com sucesso</doc>
<tag>Customer</tag>
<tag>FB</tag>
<status status="PASS" starttime="20230201 13:28:37.672" endtime="20230201 13:28:47.078"/>
</test>
<test id="s1-s3-s1-t2" name="TC 02 - Realizar depósito" line="16">
<kw name="Acessar página de login do cliente" library="setup_teardown" type="SETUP">
<kw name="Abrir o navegador" library="setup_teardown">
<kw name="Open Browser" library="SeleniumLibrary">
<arg>browser=${gen.Browser}</arg>
<arg>options=add_experimental_option('excludeSwitches', ['enable-logging'])</arg>
<doc>Opens a new browser instance to the optional ``url``.</doc>
<msg timestamp="20230201 13:28:47.082" level="INFO">Opening browser 'chrome' to base url 'None'.</msg>
<status status="PASS" starttime="20230201 13:28:47.080" endtime="20230201 13:28:48.064"/>
</kw>
<kw name="Maximize Browser Window" library="SeleniumLibrary">
<doc>Maximizes current browser window.</doc>
<status status="PASS" starttime="20230201 13:28:48.065" endtime="20230201 13:28:48.182"/>
</kw>
<status status="PASS" starttime="20230201 13:28:47.080" endtime="20230201 13:28:48.182"/>
</kw>
<kw name="E acessar o site do banco" library="setup_teardown">
<kw name="Go To" library="SeleniumLibrary">
<arg>${gen.URL}</arg>
<doc>Navigates the current browser window to the provided ``url``.</doc>
<msg timestamp="20230201 13:28:48.184" level="INFO">Opening url 'https://www.way2automation.com/angularjs-protractor/banking/#/login'</msg>
<status status="PASS" starttime="20230201 13:28:48.183" endtime="20230201 13:28:49.839"/>
</kw>
<kw name="Wait Until Element Is Visible" library="SeleniumLibrary">
<arg>${home.bt_Home}</arg>
<arg>${gen.Timeout}</arg>
<doc>Waits until the element ``locator`` is visible.</doc>
<status status="PASS" starttime="20230201 13:28:49.839" endtime="20230201 13:28:50.688"/>
</kw>
<status status="PASS" starttime="20230201 13:28:48.183" endtime="20230201 13:28:50.688"/>
</kw>
<kw name="Clicar em Customer Login" library="home_page">
<kw name="Click Element" library="SeleniumLibrary">
<arg>locator=${home.bt_CustomerLogin}</arg>
<doc>Click the element identified by ``locator``.</doc>
<msg timestamp="20230201 13:28:50.690" level="INFO">Clicking element '//button[contains(.,'Customer Login')]'.</msg>
<status status="PASS" starttime="20230201 13:28:50.689" endtime="20230201 13:28:50.734"/>
</kw>
<status status="PASS" starttime="20230201 13:28:50.689" endtime="20230201 13:28:50.735"/>
</kw>
<status status="PASS" starttime="20230201 13:28:47.080" endtime="20230201 13:28:50.735"/>
</kw>
<kw name="Dado que realizei o login como cliente do banco" library="customer_login_page">
<kw name="Dado que estou na página de login" library="customer_login_page">
<kw name="Então a página de login é exibida" library="customer_login_page">
<kw name="Wait Until Page Contains Element" library="SeleniumLibrary">
<arg>${login.sel_Name}</arg>
<arg>${gen.Timeout}</arg>
<doc>Waits until the element ``locator`` appears on the current page.</doc>
<status status="PASS" starttime="20230201 13:28:50.737" endtime="20230201 13:28:51.161"/>
</kw>
<status status="PASS" starttime="20230201 13:28:50.737" endtime="20230201 13:28:51.161"/>
</kw>
<status status="PASS" starttime="20230201 13:28:50.736" endtime="20230201 13:28:51.162"/>
</kw>
<kw name="Quando seleciono um nome" library="customer_login_page">
<kw name="Select From List By Label" library="SeleniumLibrary">
<arg>${login.sel_Name}</arg>
<arg>${data_Customer.FirstName} ${data_Customer.LastName}</arg>
<doc>Selects options from selection list ``locator`` by ``labels``.</doc>
<msg timestamp="20230201 13:28:51.165" level="INFO">Selecting options from selection list 'id:userSelect' by label Hermoine Granger.</msg>
<status status="PASS" starttime="20230201 13:28:51.163" endtime="20230201 13:28:51.319"/>
</kw>
<status status="PASS" starttime="20230201 13:28:51.162" endtime="20230201 13:28:51.319"/>
</kw>
<kw name="E clico em Login" library="customer_login_page">
<kw name="Click Element" library="SeleniumLibrary">
<arg>${login.bt_Login}</arg>
<doc>Click the element identified by ``locator``.</doc>
<msg timestamp="20230201 13:28:51.321" level="INFO">Clicking element '//button[@class='btn btn-default'][contains(.,'Login')]'.</msg>
<status status="PASS" starttime="20230201 13:28:51.320" endtime="20230201 13:28:51.373"/>
</kw>
<kw name="Sleep" library="BuiltIn">
<arg>2s</arg>
<doc>Pauses the test executed for the given time.</doc>
<msg timestamp="20230201 13:28:53.376" level="INFO">Slept 2 seconds</msg>
<status status="PASS" starttime="20230201 13:28:51.374" endtime="20230201 13:28:53.376"/>
</kw>
<status status="PASS" starttime="20230201 13:28:51.319" endtime="20230201 13:28:53.376"/>
</kw>
<status status="PASS" starttime="20230201 13:28:50.735" endtime="20230201 13:28:53.376"/>
</kw>
<kw name="Quando clico para realizar um depósito" library="account_page">
<kw name="Get Balance" library="account_page">
<kw name="Get Text" library="SeleniumLibrary">
<var>${value}</var>
<arg>${acc.balance}</arg>
<doc>Returns the text value of the element identified by ``locator``.</doc>
<msg timestamp="20230201 13:28:53.409" level="INFO">${value} = 5096</msg>
<status status="PASS" starttime="20230201 13:28:53.379" endtime="20230201 13:28:53.409"/>
</kw>
<kw name="Convert To Integer" library="BuiltIn">
<var>${value}</var>
<arg>${value}</arg>
<doc>Converts the given item to an integer number.</doc>
<msg timestamp="20230201 13:28:53.410" level="INFO">${value} = 5096</msg>
<status status="PASS" starttime="20230201 13:28:53.410" endtime="20230201 13:28:53.410"/>
</kw>
<kw name="Set To Dictionary" library="Collections">
<arg>${data_Customer}</arg>
<arg>Balance</arg>
<arg>${value}</arg>
<doc>Adds the given ``key_value_pairs`` and ``items`` to the ``dictionary``.</doc>
<status status="PASS" starttime="20230201 13:28:53.411" endtime="20230201 13:28:53.411"/>
</kw>
<status status="PASS" starttime="20230201 13:28:53.378" endtime="20230201 13:28:53.411"/>
</kw>
<kw name="Click Element" library="SeleniumLibrary">
<arg>${acc.bt_Deposit}</arg>
<doc>Click the element identified by ``locator``.</doc>
<msg timestamp="20230201 13:28:53.412" level="INFO">Clicking element '//button[@ng-class='btnClass2'][contains(.,'Deposit')]'.</msg>
<status status="PASS" starttime="20230201 13:28:53.411" endtime="20230201 13:28:53.463"/>
</kw>
<status status="PASS" starttime="20230201 13:28:53.377" endtime="20230201 13:28:53.464"/>
</kw>
<kw name="E informo um valor" library="account_page">
<kw name="Wait Until Element Is Visible" library="SeleniumLibrary">
<arg>${acc.inp_Amount}</arg>
<arg>${gen.Timeout}</arg>
<doc>Waits until the element ``locator`` is visible.</doc>
<status status="PASS" starttime="20230201 13:28:53.467" endtime="20230201 13:28:53.912"/>
</kw>
<kw name="Input Text" library="SeleniumLibrary">
<arg>${acc.inp_Amount}</arg>
<arg>${data_Customer.DepositValue}</arg>
<doc>Types the given ``text`` into the text field identified by ``locator``.</doc>
<msg timestamp="20230201 13:28:53.913" level="INFO">Typing text '600' into text field '//input[@ng-model='amount']'.</msg>
<status status="PASS" starttime="20230201 13:28:53.912" endtime="20230201 13:28:54.001"/>
</kw>
<status status="PASS" starttime="20230201 13:28:53.465" endtime="20230201 13:28:54.001"/>
</kw>
<kw name="E confirmo o depósito do valor" library="account_page">
<kw name="Click Element" library="SeleniumLibrary">
<arg>${acc.sub_Deposit}</arg>
<doc>Click the element identified by ``locator``.</doc>
<msg timestamp="20230201 13:28:54.004" level="INFO">Clicking element '//button[@type='submit'][contains(.,'Deposit')]'.</msg>
<status status="PASS" starttime="20230201 13:28:54.003" endtime="20230201 13:28:54.131"/>
</kw>
<status status="PASS" starttime="20230201 13:28:54.003" endtime="20230201 13:28:54.132"/>
</kw>
<kw name="Então a mensagem de depósito sucedido é exibida" library="account_page">
<kw name="Page Should Contain Element" library="SeleniumLibrary">
<arg>${acc.msg_DepositSuccess}</arg>
<doc>Verifies that element ``locator`` is found on the current page.</doc>
<msg timestamp="20230201 13:28:54.148" level="INFO">Current page contains element '//span[@class='error ng-binding'][contains(.,'Deposit Successful')]'.</msg>
<status status="PASS" starttime="20230201 13:28:54.134" endtime="20230201 13:28:54.149"/>
</kw>
<status status="PASS" starttime="20230201 13:28:54.133" endtime="20230201 13:28:54.150"/>
</kw>
<kw name="E o valor de saldo é incrementado" library="account_page">
<kw name="Increased Balance" library="account_page">
<var>${value}</var>
<msg timestamp="20230201 13:28:54.155" level="INFO">${value} = 5696</msg>
<status status="PASS" starttime="20230201 13:28:54.152" endtime="20230201 13:28:54.155"/>
</kw>
<kw name="Page Should Contain" library="SeleniumLibrary">
<arg>Balance : ${value}</arg>
<doc>Verifies that current page contains ``text``.</doc>
<msg timestamp="20230201 13:28:54.184" level="INFO">Current page contains text 'Balance : 5696'.</msg>
<status status="PASS" starttime="20230201 13:28:54.155" endtime="20230201 13:28:54.185"/>
</kw>
<status status="PASS" starttime="20230201 13:28:54.151" endtime="20230201 13:28:54.186"/>
</kw>
<kw name="Fechar o navegador" library="setup_teardown" type="TEARDOWN">
<kw name="Sleep" library="BuiltIn">
<arg>1s</arg>
<doc>Pauses the test executed for the given time.</doc>
<msg timestamp="20230201 13:28:55.188" level="INFO">Slept 1 second</msg>
<status status="PASS" starttime="20230201 13:28:54.187" endtime="20230201 13:28:55.188"/>
</kw>
<kw name="Close Browser" library="SeleniumLibrary">
<doc>Closes the current browser.</doc>
<status status="PASS" starttime="20230201 13:28:55.188" endtime="20230201 13:28:57.378"/>
</kw>
<status status="PASS" starttime="20230201 13:28:54.186" endtime="20230201 13:28:57.378"/>
</kw>
<doc>Realizar um depósito com sucesso</doc>
<tag>Customer</tag>
<tag>FB</tag>
<status status="PASS" starttime="20230201 13:28:47.079" endtime="20230201 13:28:57.379"/>
</test>
<test id="s1-s3-s1-t3" name=" TC 03 - Realizar saque" line="26">
<kw name="Acessar página de login do cliente" library="setup_teardown" type="SETUP">
<kw name="Abrir o navegador" library="setup_teardown">
<kw name="Open Browser" library="SeleniumLibrary">
<arg>browser=${gen.Browser}</arg>
<arg>options=add_experimental_option('excludeSwitches', ['enable-logging'])</arg>
<doc>Opens a new browser instance to the optional ``url``.</doc>
<msg timestamp="20230201 13:28:57.386" level="INFO">Opening browser 'chrome' to base url 'None'.</msg>
<status status="PASS" starttime="20230201 13:28:57.385" endtime="20230201 13:28:58.424"/>
</kw>
<kw name="Maximize Browser Window" library="SeleniumLibrary">
<doc>Maximizes current browser window.</doc>
<status status="PASS" starttime="20230201 13:28:58.425" endtime="20230201 13:28:58.546"/>
</kw>
<status status="PASS" starttime="20230201 13:28:57.384" endtime="20230201 13:28:58.547"/>
</kw>
<kw name="E acessar o site do banco" library="setup_teardown">
<kw name="Go To" library="SeleniumLibrary">
<arg>${gen.URL}</arg>
<doc>Navigates the current browser window to the provided ``url``.</doc>
<msg timestamp="20230201 13:28:58.549" level="INFO">Opening url 'https://www.way2automation.com/angularjs-protractor/banking/#/login'</msg>
<status status="PASS" starttime="20230201 13:28:58.548" endtime="20230201 13:29:00.440"/>
</kw>
<kw name="Wait Until Element Is Visible" library="SeleniumLibrary">
<arg>${home.bt_Home}</arg>
<arg>${gen.Timeout}</arg>
<doc>Waits until the element ``locator`` is visible.</doc>
<status status="PASS" starttime="20230201 13:29:00.440" endtime="20230201 13:29:00.872"/>
</kw>
<status status="PASS" starttime="20230201 13:28:58.547" endtime="20230201 13:29:00.872"/>
</kw>
<kw name="Clicar em Customer Login" library="home_page">
<kw name="Click Element" library="SeleniumLibrary">
<arg>locator=${home.bt_CustomerLogin}</arg>
<doc>Click the element identified by ``locator``.</doc>
<msg timestamp="20230201 13:29:00.874" level="INFO">Clicking element '//button[contains(.,'Customer Login')]'.</msg>
<status status="PASS" starttime="20230201 13:29:00.873" endtime="20230201 13:29:00.909"/>
</kw>
<status status="PASS" starttime="20230201 13:29:00.873" endtime="20230201 13:29:00.909"/>
</kw>
<status status="PASS" starttime="20230201 13:28:57.384" endtime="20230201 13:29:00.910"/>
</kw>
<kw name="Dado que realizei o login como cliente do banco" library="customer_login_page">
<kw name="Dado que estou na página de login" library="customer_login_page">
<kw name="Então a página de login é exibida" library="customer_login_page">
<kw name="Wait Until Page Contains Element" library="SeleniumLibrary">
<arg>${login.sel_Name}</arg>
<arg>${gen.Timeout}</arg>
<doc>Waits until the element ``locator`` appears on the current page.</doc>
<status status="PASS" starttime="20230201 13:29:00.911" endtime="20230201 13:29:01.333"/>
</kw>
<status status="PASS" starttime="20230201 13:29:00.911" endtime="20230201 13:29:01.335"/>
</kw>
<status status="PASS" starttime="20230201 13:29:00.911" endtime="20230201 13:29:01.335"/>
</kw>
<kw name="Quando seleciono um nome" library="customer_login_page">
<kw name="Select From List By Label" library="SeleniumLibrary">
<arg>${login.sel_Name}</arg>
<arg>${data_Customer.FirstName} ${data_Customer.LastName}</arg>
<doc>Selects options from selection list ``locator`` by ``labels``.</doc>
<msg timestamp="20230201 13:29:01.337" level="INFO">Selecting options from selection list 'id:userSelect' by label Hermoine Granger.</msg>
<status status="PASS" starttime="20230201 13:29:01.336" endtime="20230201 13:29:01.478"/>
</kw>
<status status="PASS" starttime="20230201 13:29:01.335" endtime="20230201 13:29:01.479"/>
</kw>
<kw name="E clico em Login" library="customer_login_page">
<kw name="Click Element" library="SeleniumLibrary">
<arg>${login.bt_Login}</arg>
<doc>Click the element identified by ``locator``.</doc>
<msg timestamp="20230201 13:29:01.480" level="INFO">Clicking element '//button[@class='btn btn-default'][contains(.,'Login')]'.</msg>
<status status="PASS" starttime="20230201 13:29:01.480" endtime="20230201 13:29:01.528"/>
</kw>
<kw name="Sleep" library="BuiltIn">
<arg>2s</arg>
<doc>Pauses the test executed for the given time.</doc>
<msg timestamp="20230201 13:29:03.530" level="INFO">Slept 2 seconds</msg>
<status status="PASS" starttime="20230201 13:29:01.529" endtime="20230201 13:29:03.530"/>
</kw>
<status status="PASS" starttime="20230201 13:29:01.480" endtime="20230201 13:29:03.531"/>
</kw>
<status status="PASS" starttime="20230201 13:29:00.910" endtime="20230201 13:29:03.531"/>
</kw>
<kw name="Quando clico para realizar um saque" library="account_page">
<kw name="Get Balance" library="account_page">
<kw name="Get Text" library="SeleniumLibrary">
<var>${value}</var>
<arg>${acc.balance}</arg>
<doc>Returns the text value of the element identified by ``locator``.</doc>
<msg timestamp="20230201 13:29:03.566" level="INFO">${value} = 5096</msg>
<status status="PASS" starttime="20230201 13:29:03.533" endtime="20230201 13:29:03.566"/>
</kw>
<kw name="Convert To Integer" library="BuiltIn">
<var>${value}</var>
<arg>${value}</arg>
<doc>Converts the given item to an integer number.</doc>
<msg timestamp="20230201 13:29:03.567" level="INFO">${value} = 5096</msg>
<status status="PASS" starttime="20230201 13:29:03.567" endtime="20230201 13:29:03.567"/>
</kw>
<kw name="Set To Dictionary" library="Collections">
<arg>${data_Customer}</arg>
<arg>Balance</arg>
<arg>${value}</arg>
<doc>Adds the given ``key_value_pairs`` and ``items`` to the ``dictionary``.</doc>
<status status="PASS" starttime="20230201 13:29:03.567" endtime="20230201 13:29:03.568"/>
</kw>
<status status="PASS" starttime="20230201 13:29:03.532" endtime="20230201 13:29:03.568"/>
</kw>
<kw name="Click Element" library="SeleniumLibrary">
<arg>${acc.bt_Withdrawl}</arg>
<doc>Click the element identified by ``locator``.</doc>
<msg timestamp="20230201 13:29:03.569" level="INFO">Clicking element '//button[@ng-class='btnClass3'][contains(.,'Withdrawl')]'.</msg>
<status status="PASS" starttime="20230201 13:29:03.568" endtime="20230201 13:29:03.615"/>
</kw>
<status status="PASS" starttime="20230201 13:29:03.532" endtime="20230201 13:29:03.615"/>
</kw>
<kw name="E informo um valor menor que o saldo" library="account_page">
<kw name="Wait Until Element Is Visible" library="SeleniumLibrary">
<arg>${acc.inp_Amount}</arg>
<arg>${gen.Timeout}</arg>
<doc>Waits until the element ``locator`` is visible.</doc>
<status status="PASS" starttime="20230201 13:29:03.618" endtime="20230201 13:29:04.063"/>
</kw>
<kw name="Input Text" library="SeleniumLibrary">
<arg>${acc.inp_Amount}</arg>
<arg>${data_Customer.WithdrawlValue}</arg>
<doc>Types the given ``text`` into the text field identified by ``locator``.</doc>
<msg timestamp="20230201 13:29:04.066" level="INFO">Typing text '1000' into text field '//input[@ng-model='amount']'.</msg>
<status status="PASS" starttime="20230201 13:29:04.063" endtime="20230201 13:29:04.178"/>
</kw>
<status status="PASS" starttime="20230201 13:29:03.616" endtime="20230201 13:29:04.179"/>
</kw>
<kw name="E confirmo o saque do valor" library="account_page">
<kw name="Click Element" library="SeleniumLibrary">
<arg>${acc.sub_Withdrawl}</arg>
<doc>Click the element identified by ``locator``.</doc>
<msg timestamp="20230201 13:29:04.183" level="INFO">Clicking element '//button[@type='submit'][contains(.,'Withdraw')]'.</msg>
<status status="PASS" starttime="20230201 13:29:04.181" endtime="20230201 13:29:04.266"/>
</kw>
<status status="PASS" starttime="20230201 13:29:04.180" endtime="20230201 13:29:04.267"/>
</kw>
<kw name="Então a mensagem de transação sucedida é exibida" library="account_page">
<kw name="Page Should Contain Element" library="SeleniumLibrary">
<arg>${acc.msg_TransactionSucess}</arg>
<doc>Verifies that element ``locator`` is found on the current page.</doc>
<msg timestamp="20230201 13:29:04.284" level="INFO">Current page contains element '//span[@class='error ng-binding'][contains(.,'Transaction successful')]'.</msg>
<status status="PASS" starttime="20230201 13:29:04.269" endtime="20230201 13:29:04.284"/>
</kw>
<status status="PASS" starttime="20230201 13:29:04.267" endtime="20230201 13:29:04.285"/>
</kw>
<kw name="E o saldo é decrementado" library="account_page">
<kw name="Decreased Balance" library="account_page">
<var>${value}</var>
<msg timestamp="20230201 13:29:04.289" level="INFO">${value} = 4096</msg>
<status status="PASS" starttime="20230201 13:29:04.286" endtime="20230201 13:29:04.289"/>
</kw>
<kw name="Page Should Contain" library="SeleniumLibrary">
<arg>Balance : ${value}</arg>
<doc>Verifies that current page contains ``text``.</doc>
<msg timestamp="20230201 13:29:04.308" level="INFO">Current page contains text 'Balance : 4096'.</msg>
<status status="PASS" starttime="20230201 13:29:04.289" endtime="20230201 13:29:04.308"/>
</kw>
<status status="PASS" starttime="20230201 13:29:04.285" endtime="20230201 13:29:04.308"/>
</kw>
<kw name="Fechar o navegador" library="setup_teardown" type="TEARDOWN">
<kw name="Sleep" library="BuiltIn">
<arg>1s</arg>
<doc>Pauses the test executed for the given time.</doc>
<msg timestamp="20230201 13:29:05.316" level="INFO">Slept 1 second</msg>
<status status="PASS" starttime="20230201 13:29:04.313" endtime="20230201 13:29:05.316"/>
</kw>
<kw name="Close Browser" library="SeleniumLibrary">
<doc>Closes the current browser.</doc>
<status status="PASS" starttime="20230201 13:29:05.317" endtime="20230201 13:29:07.477"/>
</kw>
<status status="PASS" starttime="20230201 13:29:04.311" endtime="20230201 13:29:07.477"/>
</kw>
<doc>Realizar um saque com sucesso</doc>
<tag>Customer</tag>
<tag>FB</tag>
<status status="PASS" starttime="20230201 13:28:57.382" endtime="20230201 13:29:07.478"/>
</test>
<test id="s1-s3-s1-t4" name=" TC 04 - Realizar logout" line="36">
<kw name="Acessar página de login do cliente" library="setup_teardown" type="SETUP">
<kw name="Abrir o navegador" library="setup_teardown">
<kw name="Open Browser" library="SeleniumLibrary">
<arg>browser=${gen.Browser}</arg>
<arg>options=add_experimental_option('excludeSwitches', ['enable-logging'])</arg>
<doc>Opens a new browser instance to the optional ``url``.</doc>
<msg timestamp="20230201 13:29:07.480" level="INFO">Opening browser 'chrome' to base url 'None'.</msg>
<status status="PASS" starttime="20230201 13:29:07.479" endtime="20230201 13:29:08.501"/>
</kw>
<kw name="Maximize Browser Window" library="SeleniumLibrary">
<doc>Maximizes current browser window.</doc>
<status status="PASS" starttime="20230201 13:29:08.501" endtime="20230201 13:29:08.614"/>
</kw>
<status status="PASS" starttime="20230201 13:29:07.479" endtime="20230201 13:29:08.615"/>
</kw>
<kw name="E acessar o site do banco" library="setup_teardown">
<kw name="Go To" library="SeleniumLibrary">
<arg>${gen.URL}</arg>
<doc>Navigates the current browser window to the provided ``url``.</doc>
<msg timestamp="20230201 13:29:08.618" level="INFO">Opening url 'https://www.way2automation.com/angularjs-protractor/banking/#/login'</msg>
<status status="PASS" starttime="20230201 13:29:08.616" endtime="20230201 13:29:10.373"/>
</kw>
<kw name="Wait Until Element Is Visible" library="SeleniumLibrary">
<arg>${home.bt_Home}</arg>
<arg>${gen.Timeout}</arg>
<doc>Waits until the element ``locator`` is visible.</doc>
<status status="PASS" starttime="20230201 13:29:10.373" endtime="20230201 13:29:11.011"/>
</kw>
<status status="PASS" starttime="20230201 13:29:08.615" endtime="20230201 13:29:11.011"/>
</kw>
<kw name="Clicar em Customer Login" library="home_page">
<kw name="Click Element" library="SeleniumLibrary">
<arg>locator=${home.bt_CustomerLogin}</arg>
<doc>Click the element identified by ``locator``.</doc>
<msg timestamp="20230201 13:29:11.012" level="INFO">Clicking element '//button[contains(.,'Customer Login')]'.</msg>
<status status="PASS" starttime="20230201 13:29:11.012" endtime="20230201 13:29:11.047"/>
</kw>
<status status="PASS" starttime="20230201 13:29:11.011" endtime="20230201 13:29:11.047"/>
</kw>
<status status="PASS" starttime="20230201 13:29:07.479" endtime="20230201 13:29:11.047"/>
</kw>
<kw name="Dado que realizei o login como cliente do banco" library="customer_login_page">
<kw name="Dado que estou na página de login" library="customer_login_page">
<kw name="Então a página de login é exibida" library="customer_login_page">
<kw name="Wait Until Page Contains Element" library="SeleniumLibrary">
<arg>${login.sel_Name}</arg>
<arg>${gen.Timeout}</arg>
<doc>Waits until the element ``locator`` appears on the current page.</doc>
<status status="PASS" starttime="20230201 13:29:11.050" endtime="20230201 13:29:11.473"/>
</kw>
<status status="PASS" starttime="20230201 13:29:11.049" endtime="20230201 13:29:11.473"/>
</kw>
<status status="PASS" starttime="20230201 13:29:11.048" endtime="20230201 13:29:11.473"/>
</kw>
<kw name="Quando seleciono um nome" library="customer_login_page">
<kw name="Select From List By Label" library="SeleniumLibrary">
<arg>${login.sel_Name}</arg>
<arg>${data_Customer.FirstName} ${data_Customer.LastName}</arg>
<doc>Selects options from selection list ``locator`` by ``labels``.</doc>
<msg timestamp="20230201 13:29:11.476" level="INFO">Selecting options from selection list 'id:userSelect' by label Hermoine Granger.</msg>
<status status="PASS" starttime="20230201 13:29:11.474" endtime="20230201 13:29:11.602"/>
</kw>
<status status="PASS" starttime="20230201 13:29:11.473" endtime="20230201 13:29:11.603"/>
</kw>
<kw name="E clico em Login" library="customer_login_page">
<kw name="Click Element" library="SeleniumLibrary">
<arg>${login.bt_Login}</arg>
<doc>Click the element identified by ``locator``.</doc>
<msg timestamp="20230201 13:29:11.604" level="INFO">Clicking element '//button[@class='btn btn-default'][contains(.,'Login')]'.</msg>
<status status="PASS" starttime="20230201 13:29:11.603" endtime="20230201 13:29:11.647"/>
</kw>
<kw name="Sleep" library="BuiltIn">
<arg>2s</arg>
<doc>Pauses the test executed for the given time.</doc>
<msg timestamp="20230201 13:29:13.649" level="INFO">Slept 2 seconds</msg>
<status status="PASS" starttime="20230201 13:29:11.647" endtime="20230201 13:29:13.649"/>
</kw>
<status status="PASS" starttime="20230201 13:29:11.603" endtime="20230201 13:29:13.649"/>
</kw>
<status status="PASS" starttime="20230201 13:29:11.048" endtime="20230201 13:29:13.650"/>
</kw>
<kw name="Quando clico em logout" library="account_page">
<kw name="Click Element" library="SeleniumLibrary">
<arg>${acc.bt_Logout}</arg>
<doc>Click the element identified by ``locator``.</doc>
<msg timestamp="20230201 13:29:13.652" level="INFO">Clicking element '//button[@ng-show='logout'][contains(.,'Logout')]'.</msg>
<status status="PASS" starttime="20230201 13:29:13.651" endtime="20230201 13:29:13.704"/>
</kw>
<status status="PASS" starttime="20230201 13:29:13.651" endtime="20230201 13:29:13.705"/>
</kw>
<kw name="Então a página de login é exibida" library="customer_login_page">
<kw name="Wait Until Page Contains Element" library="SeleniumLibrary">
<arg>${login.sel_Name}</arg>
<arg>${gen.Timeout}</arg>
<doc>Waits until the element ``locator`` appears on the current page.</doc>
<status status="PASS" starttime="20230201 13:29:13.707" endtime="20230201 13:29:13.719"/>
</kw>
<status status="PASS" starttime="20230201 13:29:13.706" endtime="20230201 13:29:13.719"/>
</kw>
<kw name="Fechar o navegador" library="setup_teardown" type="TEARDOWN">
<kw name="Sleep" library="BuiltIn">
<arg>1s</arg>
<doc>Pauses the test executed for the given time.</doc>
<msg timestamp="20230201 13:29:14.722" level="INFO">Slept 1 second</msg>
<status status="PASS" starttime="20230201 13:29:13.721" endtime="20230201 13:29:14.722"/>
</kw>
<kw name="Close Browser" library="SeleniumLibrary">
<doc>Closes the current browser.</doc>
<status status="PASS" starttime="20230201 13:29:14.722" endtime="20230201 13:29:16.883"/>
</kw>
<status status="PASS" starttime="20230201 13:29:13.720" endtime="20230201 13:29:16.883"/>
</kw>
<doc>Realizar o logout com sucesso</doc>
<tag>Customer</tag>
<tag>FB</tag>
<status status="PASS" starttime="20230201 13:29:07.479" endtime="20230201 13:29:16.884"/>
</test>
<doc>Esta suíte testa as páginas do Cliente</doc>
<status status="PASS" starttime="20230201 13:28:37.654" endtime="20230201 13:29:16.885"/>
</suite>
<status status="PASS" starttime="20230201 13:28:37.651" endtime="20230201 13:29:16.887"/>
</suite>
<status status="FAIL" starttime="20230201 13:27:36.368" endtime="20230201 13:29:16.891"/>
</suite>
<statistics>
<total>
<stat pass="7" fail="2" skip="0">All Tests</stat>
</total>
<tag>
<stat pass="4" fail="0" skip="0">Customer</stat>
<stat pass="1" fail="0" skip="0">E2E</stat>
<stat pass="6" fail="2" skip="0">FB</stat>
<stat pass="2" fail="2" skip="0">Manager</stat>
</tag>
<suite>
<stat pass="7" fail="2" skip="0" id="s1" name="Suites">Suites</stat>
<stat pass="1" fail="0" skip="0" id="s1-s1" name="AsCan">Suites.AsCan</stat>
<stat pass="1" fail="0" skip="0" id="s1-s1-s1" name="Ascan Challenge">Suites.AsCan.Ascan Challenge</stat>
<stat pass="2" fail="2" skip="0" id="s1-s2" name="Bank Manager Login">Suites.Bank Manager Login</stat>
<stat pass="2" fail="2" skip="0" id="s1-s2-s1" name="Bank Manager Login">Suites.Bank Manager Login.Bank Manager Login</stat>
<stat pass="4" fail="0" skip="0" id="s1-s3" name="Customer Login">Suites.Customer Login</stat>
<stat pass="4" fail="0" skip="0" id="s1-s3-s1" name="Customer Login">Suites.Customer Login.Customer Login</stat>
</suite>
</statistics>
<errors>
</errors>
</robot>
